2024-05-22T10:50:19.702+02:00 ERROR 19188 --- [springbatchf] [main] o.s.b.d.LoggingFailureAnalysisReporter   : 

***************************
APPLICATION FAILED TO START
***************************

Description:

Parameter 0 of method importJob in com.viewnext.springbatchf.config.ApplicationAutoConfig required a bean of type 'com.viewnext.springbatchf.job.ImportJob' that could not be found.


Action:

Consider defining a bean of type 'com.viewnext.springbatchf.job.ImportJob' in your configuration.

2024-05-22T10:53:11.569+02:00 ERROR 22504 --- [springbatchf] [main] o.s.b.d.LoggingFailureAnalysisReporter   : 

***************************
APPLICATION FAILED TO START
***************************

Description:

Parameter 0 of method importJob in com.viewnext.springbatchf.config.ApplicationAutoConfig required a bean of type 'com.viewnext.springbatchf.job.ImportJob' that could not be found.


Action:

Consider defining a bean of type 'com.viewnext.springbatchf.job.ImportJob' in your configuration.

2024-05-22T10:54:23.411+02:00 ERROR 17392 --- [springbatchf] [main] o.s.b.d.LoggingFailureAnalysisReporter   : 

***************************
APPLICATION FAILED TO START
***************************

Description:

Parameter 0 of method step1 in com.viewnext.springbatchf.config.ApplicationAutoConfig required a bean of type 'com.viewnext.springbatchf.step.Step1' that could not be found.


Action:

Consider defining a bean of type 'com.viewnext.springbatchf.step.Step1' in your configuration.

